{"name":"search a fligth and book it","id":"book-fligth;search-a-fligth-and-book-it","testSteps":[{"number":1,"description":"search a fligth and book it #1: {nombre\u003dJennyfer, apellido\u003dFuentes, cedula\u003d1098803664, direccion\u003dcalle12, email\u003djfuentes@unac.edu.co, area\u003d57, numero\u003d3183257883}","duration":111859,"startTime":"2019-11-05T07:53:01.156-05:00[America/Bogota]","exception":{"errorType":"net.thucydides.core.webdriver.exceptions.ElementShouldBeEnabledException","message":"The following error occurred: Expected enabled element was not enabled","stackTrace":[{"declaringClass":"co.com.accenture.testing.tasks.BookFlight","methodName":"performAs","fileName":"BookFlight.java","lineNumber":26},{"declaringClass":"co.com.accenture.testing.stepsdefinitions.DespegarStepdefinitions","methodName":"enterTheDateForMakeTheBook","fileName":"DespegarStepdefinitions.java","lineNumber":44},{"declaringClass":"cucumber.runner.Runner","methodName":"runPickle","fileName":"Runner.java","lineNumber":80},{"declaringClass":"org.eclipse.jdt.internal.junit4.runner.JUnit4TestReference","methodName":"run","fileName":"JUnit4TestReference.java","lineNumber":89},{"declaringClass":"org.eclipse.jdt.internal.junit.runner.TestExecution","methodName":"run","fileName":"TestExecution.java","lineNumber":41},{"declaringClass":"org.eclipse.jdt.internal.junit.runner.RemoteTestRunner","methodName":"runTests","fileName":"RemoteTestRunner.java","lineNumber":541},{"declaringClass":"org.eclipse.jdt.internal.junit.runner.RemoteTestRunner","methodName":"runTests","fileName":"RemoteTestRunner.java","lineNumber":763},{"declaringClass":"org.eclipse.jdt.internal.junit.runner.RemoteTestRunner","methodName":"run","fileName":"RemoteTestRunner.java","lineNumber":463},{"declaringClass":"org.eclipse.jdt.internal.junit.runner.RemoteTestRunner","methodName":"main","fileName":"RemoteTestRunner.java","lineNumber":209}],"rootCause":{"errorType":"org.openqa.selenium.TimeoutException","message":"Expected condition failed: waiting for By.id: aq5urj8pkd7c9qs1dss7i to be enabled (tried for 5 second(s) with 100 milliseconds interval)","stackTrace":[{"declaringClass":"co.com.accenture.testing.tasks.BookFlight","methodName":"performAs","fileName":"BookFlight.java","lineNumber":26},{"declaringClass":"co.com.accenture.testing.stepsdefinitions.DespegarStepdefinitions","methodName":"enterTheDateForMakeTheBook","fileName":"DespegarStepdefinitions.java","lineNumber":44},{"declaringClass":"cucumber.runner.Runner","methodName":"runPickle","fileName":"Runner.java","lineNumber":80},{"declaringClass":"org.eclipse.jdt.internal.junit4.runner.JUnit4TestReference","methodName":"run","fileName":"JUnit4TestReference.java","lineNumber":89},{"declaringClass":"org.eclipse.jdt.internal.junit.runner.TestExecution","methodName":"run","fileName":"TestExecution.java","lineNumber":41},{"declaringClass":"org.eclipse.jdt.internal.junit.runner.RemoteTestRunner","methodName":"runTests","fileName":"RemoteTestRunner.java","lineNumber":541},{"declaringClass":"org.eclipse.jdt.internal.junit.runner.RemoteTestRunner","methodName":"runTests","fileName":"RemoteTestRunner.java","lineNumber":763},{"declaringClass":"org.eclipse.jdt.internal.junit.runner.RemoteTestRunner","methodName":"run","fileName":"RemoteTestRunner.java","lineNumber":463},{"declaringClass":"org.eclipse.jdt.internal.junit.runner.RemoteTestRunner","methodName":"main","fileName":"RemoteTestRunner.java","lineNumber":209}],"rootCause":{"errorType":"org.openqa.selenium.NoSuchElementException","message":"no such element: Unable to locate element: {\"method\":\"id\",\"selector\":\"aq5urj8pkd7c9qs1dss7i\"}\n  (Session info: chrome\u003d78.0.3904.87)\n  (Driver info: chromedriver\u003d2.41.578737 (49da6702b16031c40d63e5618de03a32ff6c197e),platform\u003dWindows NT 10.0.17763 x86_64) (WARNING: The server did not provide any stacktrace information)\nCommand duration or timeout: 0 milliseconds\nFor documentation on this error, please visit: http://seleniumhq.org/exceptions/no_such_element.html\nBuild info: version: \u00273.11.0\u0027, revision: \u0027e59cfb3\u0027, time: \u00272018-03-11T20:26:55.152Z\u0027\nSystem info: host: \u0027EQUIPO\u0027, ip: \u0027169.254.253.98\u0027, os.name: \u0027Windows 10\u0027, os.arch: \u0027amd64\u0027, os.version: \u002710.0\u0027, java.version: \u00271.8.0_231\u0027\nDriver info: org.openqa.selenium.remote.RemoteWebDriver\nCapabilities {acceptInsecureCerts: false, acceptSslCerts: false, applicationCacheEnabled: false, browserConnectionEnabled: false, browserName: chrome, chrome: {chromedriverVersion: 2.41.578737 (49da6702b16031..., userDataDir: C:\\Users\\Usuario\\AppData\\Lo...}, cssSelectorsEnabled: true, databaseEnabled: false, goog:chromeOptions: {debuggerAddress: localhost:52794}, handlesAlerts: true, hasTouchScreen: false, javascriptEnabled: true, locationContextEnabled: true, mobileEmulationEnabled: false, nativeEvents: true, networkConnectionEnabled: false, pageLoadStrategy: normal, platform: XP, platformName: XP, rotatable: false, setWindowRect: true, takesHeapSnapshot: true, takesScreenshot: true, unexpectedAlertBehaviour: , unhandledPromptBehavior: , version: 78.0.3904.87, webStorageEnabled: true}\nSession ID: eb78a5641dc678ae3aa1b6c73a44bc38\n*** Element info: {Using\u003did, value\u003daq5urj8pkd7c9qs1dss7i}","stackTrace":[{"declaringClass":"co.com.accenture.testing.tasks.BookFlight","methodName":"performAs","fileName":"BookFlight.java","lineNumber":26},{"declaringClass":"co.com.accenture.testing.stepsdefinitions.DespegarStepdefinitions","methodName":"enterTheDateForMakeTheBook","fileName":"DespegarStepdefinitions.java","lineNumber":44},{"declaringClass":"cucumber.runner.Runner","methodName":"runPickle","fileName":"Runner.java","lineNumber":80},{"declaringClass":"org.eclipse.jdt.internal.junit4.runner.JUnit4TestReference","methodName":"run","fileName":"JUnit4TestReference.java","lineNumber":89},{"declaringClass":"org.eclipse.jdt.internal.junit.runner.TestExecution","methodName":"run","fileName":"TestExecution.java","lineNumber":41},{"declaringClass":"org.eclipse.jdt.internal.junit.runner.RemoteTestRunner","methodName":"runTests","fileName":"RemoteTestRunner.java","lineNumber":541},{"declaringClass":"org.eclipse.jdt.internal.junit.runner.RemoteTestRunner","methodName":"runTests","fileName":"RemoteTestRunner.java","lineNumber":763},{"declaringClass":"org.eclipse.jdt.internal.junit.runner.RemoteTestRunner","methodName":"run","fileName":"RemoteTestRunner.java","lineNumber":463},{"declaringClass":"org.eclipse.jdt.internal.junit.runner.RemoteTestRunner","methodName":"main","fileName":"RemoteTestRunner.java","lineNumber":209}]}}},"result":"FAILURE","precondition":false,"children":[{"number":2,"description":"Given that Jennyfer wants go to Despegar.com","duration":31807,"startTime":"2019-11-05T07:53:01.425-05:00[America/Bogota]","screenshots":[{"screenshot":"e05a2d9e754ab8d68756ca0e4216129c3bc3f2d6498cc2b4a28da8b8d08e241b.png"}],"result":"SUCCESS","precondition":false,"children":[{"number":3,"description":"jennyfer opens the Home page despegar","duration":28324,"startTime":"2019-11-05T07:53:02.720-05:00[America/Bogota]","screenshots":[{"screenshot":"e1302c11ef24da0829491aafe342487bdf3b020656cae6956d3f20ebb3b58267.png"}],"result":"SUCCESS","precondition":false}]},{"number":4,"description":"When enter the date for make the book\r\n| nombre | apellido | cedula | direccion | email | area | numero |\r\n| Jennyfer | Fuentes | 1098803664 | calle12 | jfuentes@unac.edu.co | 57 | 3183257883 |","duration":79727,"startTime":"2019-11-05T07:53:33.233-05:00[America/Bogota]","screenshots":[{"screenshot":"c2d170ba41ee4a6d75092e694a857ac6ad5220f367aeff10a4f9ff7163f14219.png"}],"exception":{"errorType":"net.thucydides.core.webdriver.exceptions.ElementShouldBeEnabledException","message":"The following error occurred: Expected enabled element was not enabled","stackTrace":[{"declaringClass":"co.com.accenture.testing.tasks.BookFlight","methodName":"performAs","fileName":"BookFlight.java","lineNumber":26},{"declaringClass":"co.com.accenture.testing.stepsdefinitions.DespegarStepdefinitions","methodName":"enterTheDateForMakeTheBook","fileName":"DespegarStepdefinitions.java","lineNumber":44},{"declaringClass":"cucumber.runner.Runner","methodName":"runPickle","fileName":"Runner.java","lineNumber":80},{"declaringClass":"org.eclipse.jdt.internal.junit4.runner.JUnit4TestReference","methodName":"run","fileName":"JUnit4TestReference.java","lineNumber":89},{"declaringClass":"org.eclipse.jdt.internal.junit.runner.TestExecution","methodName":"run","fileName":"TestExecution.java","lineNumber":41},{"declaringClass":"org.eclipse.jdt.internal.junit.runner.RemoteTestRunner","methodName":"runTests","fileName":"RemoteTestRunner.java","lineNumber":541},{"declaringClass":"org.eclipse.jdt.internal.junit.runner.RemoteTestRunner","methodName":"runTests","fileName":"RemoteTestRunner.java","lineNumber":763},{"declaringClass":"org.eclipse.jdt.internal.junit.runner.RemoteTestRunner","methodName":"run","fileName":"RemoteTestRunner.java","lineNumber":463},{"declaringClass":"org.eclipse.jdt.internal.junit.runner.RemoteTestRunner","methodName":"main","fileName":"RemoteTestRunner.java","lineNumber":209}],"rootCause":{"errorType":"org.openqa.selenium.TimeoutException","message":"Expected condition failed: waiting for By.id: aq5urj8pkd7c9qs1dss7i to be enabled (tried for 5 second(s) with 100 milliseconds interval)","stackTrace":[{"declaringClass":"co.com.accenture.testing.tasks.BookFlight","methodName":"performAs","fileName":"BookFlight.java","lineNumber":26},{"declaringClass":"co.com.accenture.testing.stepsdefinitions.DespegarStepdefinitions","methodName":"enterTheDateForMakeTheBook","fileName":"DespegarStepdefinitions.java","lineNumber":44},{"declaringClass":"cucumber.runner.Runner","methodName":"runPickle","fileName":"Runner.java","lineNumber":80},{"declaringClass":"org.eclipse.jdt.internal.junit4.runner.JUnit4TestReference","methodName":"run","fileName":"JUnit4TestReference.java","lineNumber":89},{"declaringClass":"org.eclipse.jdt.internal.junit.runner.TestExecution","methodName":"run","fileName":"TestExecution.java","lineNumber":41},{"declaringClass":"org.eclipse.jdt.internal.junit.runner.RemoteTestRunner","methodName":"runTests","fileName":"RemoteTestRunner.java","lineNumber":541},{"declaringClass":"org.eclipse.jdt.internal.junit.runner.RemoteTestRunner","methodName":"runTests","fileName":"RemoteTestRunner.java","lineNumber":763},{"declaringClass":"org.eclipse.jdt.internal.junit.runner.RemoteTestRunner","methodName":"run","fileName":"RemoteTestRunner.java","lineNumber":463},{"declaringClass":"org.eclipse.jdt.internal.junit.runner.RemoteTestRunner","methodName":"main","fileName":"RemoteTestRunner.java","lineNumber":209}],"rootCause":{"errorType":"org.openqa.selenium.NoSuchElementException","message":"no such element: Unable to locate element: {\"method\":\"id\",\"selector\":\"aq5urj8pkd7c9qs1dss7i\"}\n  (Session info: chrome\u003d78.0.3904.87)\n  (Driver info: chromedriver\u003d2.41.578737 (49da6702b16031c40d63e5618de03a32ff6c197e),platform\u003dWindows NT 10.0.17763 x86_64) (WARNING: The server did not provide any stacktrace information)\nCommand duration or timeout: 0 milliseconds\nFor documentation on this error, please visit: http://seleniumhq.org/exceptions/no_such_element.html\nBuild info: version: \u00273.11.0\u0027, revision: \u0027e59cfb3\u0027, time: \u00272018-03-11T20:26:55.152Z\u0027\nSystem info: host: \u0027EQUIPO\u0027, ip: \u0027169.254.253.98\u0027, os.name: \u0027Windows 10\u0027, os.arch: \u0027amd64\u0027, os.version: \u002710.0\u0027, java.version: \u00271.8.0_231\u0027\nDriver info: org.openqa.selenium.remote.RemoteWebDriver\nCapabilities {acceptInsecureCerts: false, acceptSslCerts: false, applicationCacheEnabled: false, browserConnectionEnabled: false, browserName: chrome, chrome: {chromedriverVersion: 2.41.578737 (49da6702b16031..., userDataDir: C:\\Users\\Usuario\\AppData\\Lo...}, cssSelectorsEnabled: true, databaseEnabled: false, goog:chromeOptions: {debuggerAddress: localhost:52794}, handlesAlerts: true, hasTouchScreen: false, javascriptEnabled: true, locationContextEnabled: true, mobileEmulationEnabled: false, nativeEvents: true, networkConnectionEnabled: false, pageLoadStrategy: normal, platform: XP, platformName: XP, rotatable: false, setWindowRect: true, takesHeapSnapshot: true, takesScreenshot: true, unexpectedAlertBehaviour: , unhandledPromptBehavior: , version: 78.0.3904.87, webStorageEnabled: true}\nSession ID: eb78a5641dc678ae3aa1b6c73a44bc38\n*** Element info: {Using\u003did, value\u003daq5urj8pkd7c9qs1dss7i}","stackTrace":[{"declaringClass":"co.com.accenture.testing.tasks.BookFlight","methodName":"performAs","fileName":"BookFlight.java","lineNumber":26},{"declaringClass":"co.com.accenture.testing.stepsdefinitions.DespegarStepdefinitions","methodName":"enterTheDateForMakeTheBook","fileName":"DespegarStepdefinitions.java","lineNumber":44},{"declaringClass":"cucumber.runner.Runner","methodName":"runPickle","fileName":"Runner.java","lineNumber":80},{"declaringClass":"org.eclipse.jdt.internal.junit4.runner.JUnit4TestReference","methodName":"run","fileName":"JUnit4TestReference.java","lineNumber":89},{"declaringClass":"org.eclipse.jdt.internal.junit.runner.TestExecution","methodName":"run","fileName":"TestExecution.java","lineNumber":41},{"declaringClass":"org.eclipse.jdt.internal.junit.runner.RemoteTestRunner","methodName":"runTests","fileName":"RemoteTestRunner.java","lineNumber":541},{"declaringClass":"org.eclipse.jdt.internal.junit.runner.RemoteTestRunner","methodName":"runTests","fileName":"RemoteTestRunner.java","lineNumber":763},{"declaringClass":"org.eclipse.jdt.internal.junit.runner.RemoteTestRunner","methodName":"run","fileName":"RemoteTestRunner.java","lineNumber":463},{"declaringClass":"org.eclipse.jdt.internal.junit.runner.RemoteTestRunner","methodName":"main","fileName":"RemoteTestRunner.java","lineNumber":209}]}}},"result":"FAILURE","precondition":false,"children":[{"number":5,"description":"jennyfer clicks on seccion de vuelos","duration":1618,"startTime":"2019-11-05T07:53:33.737-05:00[America/Bogota]","screenshots":[{"screenshot":"e05a2d9e754ab8d68756ca0e4216129c3bc3f2d6498cc2b4a28da8b8d08e241b.png"},{"screenshot":"d45a3f05aa01dfe449d7ba3c5e1fb602ea8c77a841d62d5c50a30fad15b8997a.png"}],"result":"SUCCESS","precondition":false},{"number":6,"description":"jennyfer enters \u0027MDE\u0027 into Campo de busqueda de Google","duration":3544,"startTime":"2019-11-05T07:53:35.357-05:00[America/Bogota]","screenshots":[{"screenshot":"d45a3f05aa01dfe449d7ba3c5e1fb602ea8c77a841d62d5c50a30fad15b8997a.png"},{"screenshot":"4c66eb291c94f910dac76d450a92e9e882615508a2538bb77bced3354c279939.png"}],"result":"SUCCESS","precondition":false},{"number":7,"description":"jennyfer clicks on Campo de busqueda de Google","duration":1600,"startTime":"2019-11-05T07:53:38.904-05:00[America/Bogota]","screenshots":[{"screenshot":"94dda626f6e0d464b39d3bc16cd4cc1f84ae53bdc949c6a53a8bee052319faf8.png"},{"screenshot":"278d55a7b0f322d5ca3015e5f0b10199e78725da53838d6f403a01a8062faaf5.png"}],"result":"SUCCESS","precondition":false},{"number":8,"description":"jennyfer enters \u0027BOG\u0027 into Campo de busqueda de Google","duration":1412,"startTime":"2019-11-05T07:53:40.506-05:00[America/Bogota]","screenshots":[{"screenshot":"278d55a7b0f322d5ca3015e5f0b10199e78725da53838d6f403a01a8062faaf5.png"},{"screenshot":"aaf52890c569b7753d4a68067fa5cb7bd73c636590f105ac2a91f63345e31185.png"}],"result":"SUCCESS","precondition":false},{"number":9,"description":"jennyfer clicks on Campo de busqueda de Google","duration":857,"startTime":"2019-11-05T07:53:41.920-05:00[America/Bogota]","screenshots":[{"screenshot":"903a1c448d4862940753554759bbcf25fd2706c013f4f660e153cf2d82aac209.png"},{"screenshot":"c2d0fffecbfb5e7abb018fb4c392306033a279b0169238df85c09ef3af02ef65.png"}],"result":"SUCCESS","precondition":false},{"number":10,"description":"jennyfer clicks on calendario","duration":2606,"startTime":"2019-11-05T07:53:42.779-05:00[America/Bogota]","screenshots":[{"screenshot":"a51dccfc7face2b7c348bbded728bcd728e629848b86fb2cbb0030e949b693b8.png"},{"screenshot":"6d0b3669ad213004cddcb9cf562f3a003e2b9b0d752a2e6122e19ab47affd665.png"}],"result":"SUCCESS","precondition":false},{"number":11,"description":"jennyfer clicks on Campo de busqueda de Google","duration":2410,"startTime":"2019-11-05T07:53:45.391-05:00[America/Bogota]","screenshots":[{"screenshot":"6d0b3669ad213004cddcb9cf562f3a003e2b9b0d752a2e6122e19ab47affd665.png"},{"screenshot":"21bffdc89dfeeff5342ad7141683f32927771be572ed3609beb57db154f66ef1.png"}],"result":"SUCCESS","precondition":false},{"number":12,"description":"jennyfer clicks on Campo de busqueda de Google","duration":2012,"startTime":"2019-11-05T07:53:47.807-05:00[America/Bogota]","screenshots":[{"screenshot":"21bffdc89dfeeff5342ad7141683f32927771be572ed3609beb57db154f66ef1.png"},{"screenshot":"4c2572797bfdccd7ba598830605ee3cd14e33ddc11e613f4a734bf1e97fc56a8.png"}],"result":"SUCCESS","precondition":false},{"number":13,"description":"jennyfer clicks on Campo de busqueda de Google","duration":16077,"startTime":"2019-11-05T07:53:49.825-05:00[America/Bogota]","screenshots":[{"screenshot":"722142429ec5c49eb01c9ee931b72890657c1a959cebde229b0483d88756e108.png"},{"screenshot":"7eebf76f9b0f3a4b3f067876f0502501db30842a68e2b4a958304a2bf7eb0384.png"}],"result":"SUCCESS","precondition":false},{"number":14,"description":"jennyfer clicks on Campo de busqueda de Google","duration":9746,"startTime":"2019-11-05T07:54:05.908-05:00[America/Bogota]","screenshots":[{"screenshot":"ed1bfa76fcdaed91c3904be7a7732e4f3f5ed1f2f69bc70c8af47c28872a7112.png"},{"screenshot":"4211067542ee65dc85d2ee6b7651104e818e10472a7c4eda9e0fa6aa31f3c98b.png"}],"result":"SUCCESS","precondition":false},{"number":15,"description":"jennyfer clicks on Campo de busqueda de Google","duration":19946,"startTime":"2019-11-05T07:54:15.691-05:00[America/Bogota]","screenshots":[{"screenshot":"88f7e1ea241ef91ea67db7e5c3944864bdf080fd6085fde17d74f874f2a6a0c2.png"},{"screenshot":"577f7affed3345451106e4f27a63ecf50c54bc542632cdfd35391c9ea80a5ae5.png"}],"result":"SUCCESS","precondition":false},{"number":16,"description":"jennyfer enters \u0027Jennyfer\u0027 into Campo de busqueda de Google","duration":3431,"startTime":"2019-11-05T07:54:35.669-05:00[America/Bogota]","screenshots":[{"screenshot":"577f7affed3345451106e4f27a63ecf50c54bc542632cdfd35391c9ea80a5ae5.png"},{"screenshot":"0ca475b78188b3686917d57ba79d396d03d22d9002d33ac5fd1563222985d0af.png"}],"result":"SUCCESS","precondition":false},{"number":17,"description":"jennyfer enters \u0027Fuentes\u0027 into Campo de busqueda de Google","duration":3219,"startTime":"2019-11-05T07:54:39.110-05:00[America/Bogota]","screenshots":[{"screenshot":"b0b0158688d4871fb5233270b0faf7fe7a14624d4b14c65406e1d5e258736299.png"},{"screenshot":"8b4a08ebf574e7c36e7622f73ac0046693315f9d0d7fc92cd536e2971296cadd.png"}],"result":"SUCCESS","precondition":false},{"number":18,"description":"jennyfer enters \u00271098803664\u0027 into Campo de busqueda de Google","duration":2147,"startTime":"2019-11-05T07:54:42.333-05:00[America/Bogota]","screenshots":[{"screenshot":"7d7a4f620b18e15b6ff24e7d204ff540185dbb2b21b9f3a030f7dae227551e80.png"},{"screenshot":"7ee8430e0cb9ca868fd49571b84b8f2867463acb4732d6758216c44b35fb9640.png"}],"result":"SUCCESS","precondition":false},{"number":19,"description":"jennyfer enters \u0027calle12\u0027 into Campo de busqueda de Google","duration":8459,"startTime":"2019-11-05T07:54:44.484-05:00[America/Bogota]","screenshots":[{"screenshot":"aabdbc6fa5fa95d4ba9564d73b5a535c5e338b26c290cd4524a39761f64897a5.png"},{"screenshot":"7ee8430e0cb9ca868fd49571b84b8f2867463acb4732d6758216c44b35fb9640.png","htmlSource":"pagesource4806926123109248975.html.txt"}],"exception":{"errorType":"net.thucydides.core.webdriver.exceptions.ElementShouldBeEnabledException","message":"The following error occurred: Expected enabled element was not enabled","stackTrace":[{"declaringClass":"co.com.accenture.testing.tasks.BookFlight","methodName":"performAs","fileName":"BookFlight.java","lineNumber":26},{"declaringClass":"co.com.accenture.testing.stepsdefinitions.DespegarStepdefinitions","methodName":"enterTheDateForMakeTheBook","fileName":"DespegarStepdefinitions.java","lineNumber":44},{"declaringClass":"cucumber.runner.Runner","methodName":"runPickle","fileName":"Runner.java","lineNumber":80},{"declaringClass":"org.eclipse.jdt.internal.junit4.runner.JUnit4TestReference","methodName":"run","fileName":"JUnit4TestReference.java","lineNumber":89},{"declaringClass":"org.eclipse.jdt.internal.junit.runner.TestExecution","methodName":"run","fileName":"TestExecution.java","lineNumber":41},{"declaringClass":"org.eclipse.jdt.internal.junit.runner.RemoteTestRunner","methodName":"runTests","fileName":"RemoteTestRunner.java","lineNumber":541},{"declaringClass":"org.eclipse.jdt.internal.junit.runner.RemoteTestRunner","methodName":"runTests","fileName":"RemoteTestRunner.java","lineNumber":763},{"declaringClass":"org.eclipse.jdt.internal.junit.runner.RemoteTestRunner","methodName":"run","fileName":"RemoteTestRunner.java","lineNumber":463},{"declaringClass":"org.eclipse.jdt.internal.junit.runner.RemoteTestRunner","methodName":"main","fileName":"RemoteTestRunner.java","lineNumber":209}],"rootCause":{"errorType":"org.openqa.selenium.TimeoutException","message":"Expected condition failed: waiting for By.id: aq5urj8pkd7c9qs1dss7i to be enabled (tried for 5 second(s) with 100 milliseconds interval)","stackTrace":[{"declaringClass":"co.com.accenture.testing.tasks.BookFlight","methodName":"performAs","fileName":"BookFlight.java","lineNumber":26},{"declaringClass":"co.com.accenture.testing.stepsdefinitions.DespegarStepdefinitions","methodName":"enterTheDateForMakeTheBook","fileName":"DespegarStepdefinitions.java","lineNumber":44},{"declaringClass":"cucumber.runner.Runner","methodName":"runPickle","fileName":"Runner.java","lineNumber":80},{"declaringClass":"org.eclipse.jdt.internal.junit4.runner.JUnit4TestReference","methodName":"run","fileName":"JUnit4TestReference.java","lineNumber":89},{"declaringClass":"org.eclipse.jdt.internal.junit.runner.TestExecution","methodName":"run","fileName":"TestExecution.java","lineNumber":41},{"declaringClass":"org.eclipse.jdt.internal.junit.runner.RemoteTestRunner","methodName":"runTests","fileName":"RemoteTestRunner.java","lineNumber":541},{"declaringClass":"org.eclipse.jdt.internal.junit.runner.RemoteTestRunner","methodName":"runTests","fileName":"RemoteTestRunner.java","lineNumber":763},{"declaringClass":"org.eclipse.jdt.internal.junit.runner.RemoteTestRunner","methodName":"run","fileName":"RemoteTestRunner.java","lineNumber":463},{"declaringClass":"org.eclipse.jdt.internal.junit.runner.RemoteTestRunner","methodName":"main","fileName":"RemoteTestRunner.java","lineNumber":209}],"rootCause":{"errorType":"org.openqa.selenium.NoSuchElementException","message":"no such element: Unable to locate element: {\"method\":\"id\",\"selector\":\"aq5urj8pkd7c9qs1dss7i\"}\n  (Session info: chrome\u003d78.0.3904.87)\n  (Driver info: chromedriver\u003d2.41.578737 (49da6702b16031c40d63e5618de03a32ff6c197e),platform\u003dWindows NT 10.0.17763 x86_64) (WARNING: The server did not provide any stacktrace information)\nCommand duration or timeout: 0 milliseconds\nFor documentation on this error, please visit: http://seleniumhq.org/exceptions/no_such_element.html\nBuild info: version: \u00273.11.0\u0027, revision: \u0027e59cfb3\u0027, time: \u00272018-03-11T20:26:55.152Z\u0027\nSystem info: host: \u0027EQUIPO\u0027, ip: \u0027169.254.253.98\u0027, os.name: \u0027Windows 10\u0027, os.arch: \u0027amd64\u0027, os.version: \u002710.0\u0027, java.version: \u00271.8.0_231\u0027\nDriver info: org.openqa.selenium.remote.RemoteWebDriver\nCapabilities {acceptInsecureCerts: false, acceptSslCerts: false, applicationCacheEnabled: false, browserConnectionEnabled: false, browserName: chrome, chrome: {chromedriverVersion: 2.41.578737 (49da6702b16031..., userDataDir: C:\\Users\\Usuario\\AppData\\Lo...}, cssSelectorsEnabled: true, databaseEnabled: false, goog:chromeOptions: {debuggerAddress: localhost:52794}, handlesAlerts: true, hasTouchScreen: false, javascriptEnabled: true, locationContextEnabled: true, mobileEmulationEnabled: false, nativeEvents: true, networkConnectionEnabled: false, pageLoadStrategy: normal, platform: XP, platformName: XP, rotatable: false, setWindowRect: true, takesHeapSnapshot: true, takesScreenshot: true, unexpectedAlertBehaviour: , unhandledPromptBehavior: , version: 78.0.3904.87, webStorageEnabled: true}\nSession ID: eb78a5641dc678ae3aa1b6c73a44bc38\n*** Element info: {Using\u003did, value\u003daq5urj8pkd7c9qs1dss7i}","stackTrace":[{"declaringClass":"co.com.accenture.testing.tasks.BookFlight","methodName":"performAs","fileName":"BookFlight.java","lineNumber":26},{"declaringClass":"co.com.accenture.testing.stepsdefinitions.DespegarStepdefinitions","methodName":"enterTheDateForMakeTheBook","fileName":"DespegarStepdefinitions.java","lineNumber":44},{"declaringClass":"cucumber.runner.Runner","methodName":"runPickle","fileName":"Runner.java","lineNumber":80},{"declaringClass":"org.eclipse.jdt.internal.junit4.runner.JUnit4TestReference","methodName":"run","fileName":"JUnit4TestReference.java","lineNumber":89},{"declaringClass":"org.eclipse.jdt.internal.junit.runner.TestExecution","methodName":"run","fileName":"TestExecution.java","lineNumber":41},{"declaringClass":"org.eclipse.jdt.internal.junit.runner.RemoteTestRunner","methodName":"runTests","fileName":"RemoteTestRunner.java","lineNumber":541},{"declaringClass":"org.eclipse.jdt.internal.junit.runner.RemoteTestRunner","methodName":"runTests","fileName":"RemoteTestRunner.java","lineNumber":763},{"declaringClass":"org.eclipse.jdt.internal.junit.runner.RemoteTestRunner","methodName":"run","fileName":"RemoteTestRunner.java","lineNumber":463},{"declaringClass":"org.eclipse.jdt.internal.junit.runner.RemoteTestRunner","methodName":"main","fileName":"RemoteTestRunner.java","lineNumber":209}]}}},"result":"FAILURE","precondition":false}]},{"number":20,"description":"Perform as: jennyfer","duration":32,"startTime":"2019-11-05T07:54:52.964-05:00[America/Bogota]","exception":{"errorType":"net.thucydides.core.webdriver.exceptions.ElementShouldBeEnabledException","message":"The following error occurred: Expected enabled element was not enabled","stackTrace":[{"declaringClass":"co.com.accenture.testing.tasks.BookFlight","methodName":"performAs","fileName":"BookFlight.java","lineNumber":26},{"declaringClass":"co.com.accenture.testing.stepsdefinitions.DespegarStepdefinitions","methodName":"enterTheDateForMakeTheBook","fileName":"DespegarStepdefinitions.java","lineNumber":44},{"declaringClass":"cucumber.runner.Runner","methodName":"runPickle","fileName":"Runner.java","lineNumber":80},{"declaringClass":"org.eclipse.jdt.internal.junit4.runner.JUnit4TestReference","methodName":"run","fileName":"JUnit4TestReference.java","lineNumber":89},{"declaringClass":"org.eclipse.jdt.internal.junit.runner.TestExecution","methodName":"run","fileName":"TestExecution.java","lineNumber":41},{"declaringClass":"org.eclipse.jdt.internal.junit.runner.RemoteTestRunner","methodName":"runTests","fileName":"RemoteTestRunner.java","lineNumber":541},{"declaringClass":"org.eclipse.jdt.internal.junit.runner.RemoteTestRunner","methodName":"runTests","fileName":"RemoteTestRunner.java","lineNumber":763},{"declaringClass":"org.eclipse.jdt.internal.junit.runner.RemoteTestRunner","methodName":"run","fileName":"RemoteTestRunner.java","lineNumber":463},{"declaringClass":"org.eclipse.jdt.internal.junit.runner.RemoteTestRunner","methodName":"main","fileName":"RemoteTestRunner.java","lineNumber":209}],"rootCause":{"errorType":"org.openqa.selenium.TimeoutException","message":"Expected condition failed: waiting for By.id: aq5urj8pkd7c9qs1dss7i to be enabled (tried for 5 second(s) with 100 milliseconds interval)","stackTrace":[{"declaringClass":"co.com.accenture.testing.tasks.BookFlight","methodName":"performAs","fileName":"BookFlight.java","lineNumber":26},{"declaringClass":"co.com.accenture.testing.stepsdefinitions.DespegarStepdefinitions","methodName":"enterTheDateForMakeTheBook","fileName":"DespegarStepdefinitions.java","lineNumber":44},{"declaringClass":"cucumber.runner.Runner","methodName":"runPickle","fileName":"Runner.java","lineNumber":80},{"declaringClass":"org.eclipse.jdt.internal.junit4.runner.JUnit4TestReference","methodName":"run","fileName":"JUnit4TestReference.java","lineNumber":89},{"declaringClass":"org.eclipse.jdt.internal.junit.runner.TestExecution","methodName":"run","fileName":"TestExecution.java","lineNumber":41},{"declaringClass":"org.eclipse.jdt.internal.junit.runner.RemoteTestRunner","methodName":"runTests","fileName":"RemoteTestRunner.java","lineNumber":541},{"declaringClass":"org.eclipse.jdt.internal.junit.runner.RemoteTestRunner","methodName":"runTests","fileName":"RemoteTestRunner.java","lineNumber":763},{"declaringClass":"org.eclipse.jdt.internal.junit.runner.RemoteTestRunner","methodName":"run","fileName":"RemoteTestRunner.java","lineNumber":463},{"declaringClass":"org.eclipse.jdt.internal.junit.runner.RemoteTestRunner","methodName":"main","fileName":"RemoteTestRunner.java","lineNumber":209}],"rootCause":{"errorType":"org.openqa.selenium.NoSuchElementException","message":"no such element: Unable to locate element: {\"method\":\"id\",\"selector\":\"aq5urj8pkd7c9qs1dss7i\"}\n  (Session info: chrome\u003d78.0.3904.87)\n  (Driver info: chromedriver\u003d2.41.578737 (49da6702b16031c40d63e5618de03a32ff6c197e),platform\u003dWindows NT 10.0.17763 x86_64) (WARNING: The server did not provide any stacktrace information)\nCommand duration or timeout: 0 milliseconds\nFor documentation on this error, please visit: http://seleniumhq.org/exceptions/no_such_element.html\nBuild info: version: \u00273.11.0\u0027, revision: \u0027e59cfb3\u0027, time: \u00272018-03-11T20:26:55.152Z\u0027\nSystem info: host: \u0027EQUIPO\u0027, ip: \u0027169.254.253.98\u0027, os.name: \u0027Windows 10\u0027, os.arch: \u0027amd64\u0027, os.version: \u002710.0\u0027, java.version: \u00271.8.0_231\u0027\nDriver info: org.openqa.selenium.remote.RemoteWebDriver\nCapabilities {acceptInsecureCerts: false, acceptSslCerts: false, applicationCacheEnabled: false, browserConnectionEnabled: false, browserName: chrome, chrome: {chromedriverVersion: 2.41.578737 (49da6702b16031..., userDataDir: C:\\Users\\Usuario\\AppData\\Lo...}, cssSelectorsEnabled: true, databaseEnabled: false, goog:chromeOptions: {debuggerAddress: localhost:52794}, handlesAlerts: true, hasTouchScreen: false, javascriptEnabled: true, locationContextEnabled: true, mobileEmulationEnabled: false, nativeEvents: true, networkConnectionEnabled: false, pageLoadStrategy: normal, platform: XP, platformName: XP, rotatable: false, setWindowRect: true, takesHeapSnapshot: true, takesScreenshot: true, unexpectedAlertBehaviour: , unhandledPromptBehavior: , version: 78.0.3904.87, webStorageEnabled: true}\nSession ID: eb78a5641dc678ae3aa1b6c73a44bc38\n*** Element info: {Using\u003did, value\u003daq5urj8pkd7c9qs1dss7i}","stackTrace":[{"declaringClass":"co.com.accenture.testing.tasks.BookFlight","methodName":"performAs","fileName":"BookFlight.java","lineNumber":26},{"declaringClass":"co.com.accenture.testing.stepsdefinitions.DespegarStepdefinitions","methodName":"enterTheDateForMakeTheBook","fileName":"DespegarStepdefinitions.java","lineNumber":44},{"declaringClass":"cucumber.runner.Runner","methodName":"runPickle","fileName":"Runner.java","lineNumber":80},{"declaringClass":"org.eclipse.jdt.internal.junit4.runner.JUnit4TestReference","methodName":"run","fileName":"JUnit4TestReference.java","lineNumber":89},{"declaringClass":"org.eclipse.jdt.internal.junit.runner.TestExecution","methodName":"run","fileName":"TestExecution.java","lineNumber":41},{"declaringClass":"org.eclipse.jdt.internal.junit.runner.RemoteTestRunner","methodName":"runTests","fileName":"RemoteTestRunner.java","lineNumber":541},{"declaringClass":"org.eclipse.jdt.internal.junit.runner.RemoteTestRunner","methodName":"runTests","fileName":"RemoteTestRunner.java","lineNumber":763},{"declaringClass":"org.eclipse.jdt.internal.junit.runner.RemoteTestRunner","methodName":"run","fileName":"RemoteTestRunner.java","lineNumber":463},{"declaringClass":"org.eclipse.jdt.internal.junit.runner.RemoteTestRunner","methodName":"main","fileName":"RemoteTestRunner.java","lineNumber":209}]}}},"result":"FAILURE","precondition":false}]},{"number":21,"description":"Then she should verify the data entered with the data on screen","duration":10,"startTime":"2019-11-05T07:54:53.046-05:00[America/Bogota]","result":"SKIPPED","precondition":false}],"userStory":{"id":"book-fligth","storyName":"Book fligth","path":"src/test/resources/co/com/accenture/testing/features/Despegar.feature","narrative":"  As an end user, I want go to Despegar.com,\n  enter the date and search a fligth.","type":"feature"},"featureTag":{"name":"Features/Book fligth","type":"feature"},"title":"search a fligth and book it","tags":[{"name":"smoketest","type":"tag"}],"startTime":"2019-11-05T07:52:59.214-05:00[America/Bogota]","duration":137462,"testFailureCause":{"errorType":"net.thucydides.core.webdriver.exceptions.ElementShouldBeEnabledException","message":"The following error occurred: Expected enabled element was not enabled","stackTrace":[{"declaringClass":"co.com.accenture.testing.tasks.BookFlight","methodName":"performAs","fileName":"BookFlight.java","lineNumber":26},{"declaringClass":"co.com.accenture.testing.stepsdefinitions.DespegarStepdefinitions","methodName":"enterTheDateForMakeTheBook","fileName":"DespegarStepdefinitions.java","lineNumber":44},{"declaringClass":"cucumber.runner.Runner","methodName":"runPickle","fileName":"Runner.java","lineNumber":80},{"declaringClass":"org.eclipse.jdt.internal.junit4.runner.JUnit4TestReference","methodName":"run","fileName":"JUnit4TestReference.java","lineNumber":89},{"declaringClass":"org.eclipse.jdt.internal.junit.runner.TestExecution","methodName":"run","fileName":"TestExecution.java","lineNumber":41},{"declaringClass":"org.eclipse.jdt.internal.junit.runner.RemoteTestRunner","methodName":"runTests","fileName":"RemoteTestRunner.java","lineNumber":541},{"declaringClass":"org.eclipse.jdt.internal.junit.runner.RemoteTestRunner","methodName":"runTests","fileName":"RemoteTestRunner.java","lineNumber":763},{"declaringClass":"org.eclipse.jdt.internal.junit.runner.RemoteTestRunner","methodName":"run","fileName":"RemoteTestRunner.java","lineNumber":463},{"declaringClass":"org.eclipse.jdt.internal.junit.runner.RemoteTestRunner","methodName":"main","fileName":"RemoteTestRunner.java","lineNumber":209}],"rootCause":{"errorType":"org.openqa.selenium.TimeoutException","message":"Expected condition failed: waiting for By.id: aq5urj8pkd7c9qs1dss7i to be enabled (tried for 5 second(s) with 100 milliseconds interval)","stackTrace":[{"declaringClass":"co.com.accenture.testing.tasks.BookFlight","methodName":"performAs","fileName":"BookFlight.java","lineNumber":26},{"declaringClass":"co.com.accenture.testing.stepsdefinitions.DespegarStepdefinitions","methodName":"enterTheDateForMakeTheBook","fileName":"DespegarStepdefinitions.java","lineNumber":44},{"declaringClass":"cucumber.runner.Runner","methodName":"runPickle","fileName":"Runner.java","lineNumber":80},{"declaringClass":"org.eclipse.jdt.internal.junit4.runner.JUnit4TestReference","methodName":"run","fileName":"JUnit4TestReference.java","lineNumber":89},{"declaringClass":"org.eclipse.jdt.internal.junit.runner.TestExecution","methodName":"run","fileName":"TestExecution.java","lineNumber":41},{"declaringClass":"org.eclipse.jdt.internal.junit.runner.RemoteTestRunner","methodName":"runTests","fileName":"RemoteTestRunner.java","lineNumber":541},{"declaringClass":"org.eclipse.jdt.internal.junit.runner.RemoteTestRunner","methodName":"runTests","fileName":"RemoteTestRunner.java","lineNumber":763},{"declaringClass":"org.eclipse.jdt.internal.junit.runner.RemoteTestRunner","methodName":"run","fileName":"RemoteTestRunner.java","lineNumber":463},{"declaringClass":"org.eclipse.jdt.internal.junit.runner.RemoteTestRunner","methodName":"main","fileName":"RemoteTestRunner.java","lineNumber":209}],"rootCause":{"errorType":"org.openqa.selenium.NoSuchElementException","message":"no such element: Unable to locate element: {\"method\":\"id\",\"selector\":\"aq5urj8pkd7c9qs1dss7i\"}\n  (Session info: chrome\u003d78.0.3904.87)\n  (Driver info: chromedriver\u003d2.41.578737 (49da6702b16031c40d63e5618de03a32ff6c197e),platform\u003dWindows NT 10.0.17763 x86_64) (WARNING: The server did not provide any stacktrace information)\nCommand duration or timeout: 0 milliseconds\nFor documentation on this error, please visit: http://seleniumhq.org/exceptions/no_such_element.html\nBuild info: version: \u00273.11.0\u0027, revision: \u0027e59cfb3\u0027, time: \u00272018-03-11T20:26:55.152Z\u0027\nSystem info: host: \u0027EQUIPO\u0027, ip: \u0027169.254.253.98\u0027, os.name: \u0027Windows 10\u0027, os.arch: \u0027amd64\u0027, os.version: \u002710.0\u0027, java.version: \u00271.8.0_231\u0027\nDriver info: org.openqa.selenium.remote.RemoteWebDriver\nCapabilities {acceptInsecureCerts: false, acceptSslCerts: false, applicationCacheEnabled: false, browserConnectionEnabled: false, browserName: chrome, chrome: {chromedriverVersion: 2.41.578737 (49da6702b16031..., userDataDir: C:\\Users\\Usuario\\AppData\\Lo...}, cssSelectorsEnabled: true, databaseEnabled: false, goog:chromeOptions: {debuggerAddress: localhost:52794}, handlesAlerts: true, hasTouchScreen: false, javascriptEnabled: true, locationContextEnabled: true, mobileEmulationEnabled: false, nativeEvents: true, networkConnectionEnabled: false, pageLoadStrategy: normal, platform: XP, platformName: XP, rotatable: false, setWindowRect: true, takesHeapSnapshot: true, takesScreenshot: true, unexpectedAlertBehaviour: , unhandledPromptBehavior: , version: 78.0.3904.87, webStorageEnabled: true}\nSession ID: eb78a5641dc678ae3aa1b6c73a44bc38\n*** Element info: {Using\u003did, value\u003daq5urj8pkd7c9qs1dss7i}","stackTrace":[{"declaringClass":"co.com.accenture.testing.tasks.BookFlight","methodName":"performAs","fileName":"BookFlight.java","lineNumber":26},{"declaringClass":"co.com.accenture.testing.stepsdefinitions.DespegarStepdefinitions","methodName":"enterTheDateForMakeTheBook","fileName":"DespegarStepdefinitions.java","lineNumber":44},{"declaringClass":"cucumber.runner.Runner","methodName":"runPickle","fileName":"Runner.java","lineNumber":80},{"declaringClass":"org.eclipse.jdt.internal.junit4.runner.JUnit4TestReference","methodName":"run","fileName":"JUnit4TestReference.java","lineNumber":89},{"declaringClass":"org.eclipse.jdt.internal.junit.runner.TestExecution","methodName":"run","fileName":"TestExecution.java","lineNumber":41},{"declaringClass":"org.eclipse.jdt.internal.junit.runner.RemoteTestRunner","methodName":"runTests","fileName":"RemoteTestRunner.java","lineNumber":541},{"declaringClass":"org.eclipse.jdt.internal.junit.runner.RemoteTestRunner","methodName":"runTests","fileName":"RemoteTestRunner.java","lineNumber":763},{"declaringClass":"org.eclipse.jdt.internal.junit.runner.RemoteTestRunner","methodName":"run","fileName":"RemoteTestRunner.java","lineNumber":463},{"declaringClass":"org.eclipse.jdt.internal.junit.runner.RemoteTestRunner","methodName":"main","fileName":"RemoteTestRunner.java","lineNumber":209}]}}},"testFailureClassname":"net.thucydides.core.webdriver.exceptions.ElementShouldBeEnabledException","testFailureMessage":"The following error occurred: Expected enabled element was not enabled","testFailureSummary":"FAILURE;net.thucydides.core.webdriver.exceptions.ElementShouldBeEnabledException;The following error occurred: Expected enabled element was not enabled;BookFlight.java","projectKey":"","annotatedResult":"FAILURE","sessionId":"eb78a5641dc678ae3aa1b6c73a44bc38","driver":"chrome","dataTable":{"headers":["nombre","apellido","cedula","direccion","email","area","numero"],"rows":[{"values":["Jennyfer","Fuentes","1098803664","calle12","jfuentes@unac.edu.co","57","3183257883"],"result":"FAILURE"}],"predefinedRows":true,"scenarioOutline":"Given that Jennyfer wants go to Despegar.com\n\rWhen enter the date for make the book\n\rThen she should verify the data entered with the data on screen\n\r","dataSetDescriptors":[{"startRow":0,"rowCount":0,"name":""}]},"manual":false,"testSource":"Cucumber","result":"FAILURE"}